<?xml version="1.0" encoding="UTF-8"?>
<!-- Generated by org.testng.reporters.JUnitXMLReporter -->
<testsuite ignored="0" hostname="LAPTOP-D4U54S7U" failures="1" tests="5" name="Test" time="338.519" errors="0" timestamp="2023-05-03T18:45:35 IST">
  <testcase classname="com.spicejet.tests.RoundTrip_SearchFlightTest" name="roundtripSearchFlight" time="144.041"/>
  <testcase classname="com.spicejet.tests.DummyPaymentTest" name="dummypayment" time="57.059">
    <failure type="java.lang.AssertionError" message="expected [Invalid payment] but found [Invalid Card Details]">
      <![CDATA[java.lang.AssertionError: expected [Invalid payment] but found [Invalid Card Details]
at com.spicejet.utils.SpiceJetBaseTest.validateText(SpiceJetBaseTest.java:217)
at com.spicejet.pages.DummyPaymentPage.validatePayment(DummyPaymentPage.java:196)
at com.spicejet.tests.DummyPaymentTest.dummypayment(DummyPaymentTest.java:50)
at java.base/java.util.ArrayList.forEach(ArrayList.java:1511)
... Removed 33 stack frames]]>
    </failure>
  </testcase> <!-- dummypayment -->
  <testcase classname="com.spicejet.tests.LoginTest" name="login" time="19.703"/>
  <testcase classname="com.spicejet.tests.OneWay_SearchFlightsTest" name="onewaySearchFlight" time="22.685"/>
  <testcase classname="com.spicejet.tests.SignUpTest" name="signUp" time="94.977"/>
</testsuite> <!-- Test -->
