<?xml version="1.0" encoding="UTF-8"?>
<testng-results ignored="0" total="5" passed="4" failed="1" skipped="0">
  <reporter-output>
  </reporter-output>
  <suite started-at="2023-05-03T18:39:57 IST" name="Suite" finished-at="2023-05-03T18:45:35 IST" duration-ms="338519">
    <groups>
    </groups>
    <test started-at="2023-05-03T18:39:57 IST" name="Test" finished-at="2023-05-03T18:45:35 IST" duration-ms="338519">
      <class name="com.spicejet.tests.LoginTest">
        <test-method signature="login()[pri:0, instance:com.spicejet.tests.LoginTest@1a451d4d]" started-at="2023-05-03T18:43:18 IST" name="login" finished-at="2023-05-03T18:43:37 IST" duration-ms="19703" status="PASS">
          <reporter-output>
          </reporter-output>
        </test-method> <!-- login -->
      </class> <!-- com.spicejet.tests.LoginTest -->
      <class name="com.spicejet.tests.DummyPaymentTest">
        <test-method signature="dummypayment()[pri:0, instance:com.spicejet.tests.DummyPaymentTest@62150f9e]" started-at="2023-05-03T18:42:21 IST" name="dummypayment" finished-at="2023-05-03T18:43:18 IST" duration-ms="57059" status="FAIL">
          <exception class="java.lang.AssertionError">
            <message>
              <![CDATA[expected [Invalid payment] but found [Invalid Card Details]]]>
            </message>
            <full-stacktrace>
              <![CDATA[java.lang.AssertionError: expected [Invalid payment] but found [Invalid Card Details]
at org.testng.Assert.fail(Assert.java:99)
at org.testng.Assert.failNotEquals(Assert.java:1037)
at org.testng.Assert.assertEqualsImpl(Assert.java:140)
at org.testng.Assert.assertEquals(Assert.java:122)
at org.testng.Assert.assertEquals(Assert.java:629)
at org.testng.Assert.assertEquals(Assert.java:639)
at com.spicejet.utils.SpiceJetBaseTest.validateText(SpiceJetBaseTest.java:217)
at com.spicejet.pages.DummyPaymentPage.validatePayment(DummyPaymentPage.java:196)
at com.spicejet.tests.DummyPaymentTest.dummypayment(DummyPaymentTest.java:50)
at java.base/jdk.internal.reflect.NativeMethodAccessorImpl.invoke0(Native Method)
at java.base/jdk.internal.reflect.NativeMethodAccessorImpl.invoke(NativeMethodAccessorImpl.java:77)
at java.base/jdk.internal.reflect.DelegatingMethodAccessorImpl.invoke(DelegatingMethodAccessorImpl.java:43)
at java.base/java.lang.reflect.Method.invoke(Method.java:568)
at org.testng.internal.MethodInvocationHelper.invokeMethod(MethodInvocationHelper.java:133)
at org.testng.internal.TestInvoker.invokeMethod(TestInvoker.java:598)
at org.testng.internal.TestInvoker.invokeTestMethod(TestInvoker.java:173)
at org.testng.internal.MethodRunner.runInSequence(MethodRunner.java:46)
at org.testng.internal.TestInvoker$MethodInvocationAgent.invoke(TestInvoker.java:824)
at org.testng.internal.TestInvoker.invokeTestMethods(TestInvoker.java:146)
at org.testng.internal.TestMethodWorker.invokeTestMethods(TestMethodWorker.java:146)
at org.testng.internal.TestMethodWorker.run(TestMethodWorker.java:128)
at java.base/java.util.ArrayList.forEach(ArrayList.java:1511)
at org.testng.TestRunner.privateRun(TestRunner.java:794)
at org.testng.TestRunner.run(TestRunner.java:596)
at org.testng.SuiteRunner.runTest(SuiteRunner.java:377)
at org.testng.SuiteRunner.runSequentially(SuiteRunner.java:371)
at org.testng.SuiteRunner.privateRun(SuiteRunner.java:332)
at org.testng.SuiteRunner.run(SuiteRunner.java:276)
at org.testng.SuiteRunnerWorker.runSuite(SuiteRunnerWorker.java:53)
at org.testng.SuiteRunnerWorker.run(SuiteRunnerWorker.java:96)
at org.testng.TestNG.runSuitesSequentially(TestNG.java:1212)
at org.testng.TestNG.runSuitesLocally(TestNG.java:1134)
at org.testng.TestNG.runSuites(TestNG.java:1063)
at org.testng.TestNG.run(TestNG.java:1031)
at org.testng.remote.AbstractRemoteTestNG.run(AbstractRemoteTestNG.java:115)
at org.testng.remote.RemoteTestNG.initAndRun(RemoteTestNG.java:251)
at org.testng.remote.RemoteTestNG.main(RemoteTestNG.java:77)
]]>
            </full-stacktrace>
          </exception> <!-- java.lang.AssertionError -->
          <reporter-output>
          </reporter-output>
        </test-method> <!-- dummypayment -->
      </class> <!-- com.spicejet.tests.DummyPaymentTest -->
      <class name="com.spicejet.tests.RoundTrip_SearchFlightTest">
        <test-method signature="roundtripSearchFlight()[pri:0, instance:com.spicejet.tests.RoundTrip_SearchFlightTest@1ab3a8c8]" started-at="2023-05-03T18:39:57 IST" name="roundtripSearchFlight" finished-at="2023-05-03T18:42:21 IST" duration-ms="144041" status="PASS">
          <reporter-output>
          </reporter-output>
        </test-method> <!-- roundtripSearchFlight -->
      </class> <!-- com.spicejet.tests.RoundTrip_SearchFlightTest -->
      <class name="com.spicejet.tests.OneWay_SearchFlightsTest">
        <test-method signature="onewaySearchFlight()[pri:0, instance:com.spicejet.tests.OneWay_SearchFlightsTest@7fa98a66]" started-at="2023-05-03T18:43:37 IST" name="onewaySearchFlight" finished-at="2023-05-03T18:44:00 IST" duration-ms="22685" status="PASS">
          <reporter-output>
          </reporter-output>
        </test-method> <!-- onewaySearchFlight -->
      </class> <!-- com.spicejet.tests.OneWay_SearchFlightsTest -->
      <class name="com.spicejet.tests.SignUpTest">
        <test-method signature="signUp()[pri:0, instance:com.spicejet.tests.SignUpTest@15ff3e9e]" started-at="2023-05-03T18:44:00 IST" name="signUp" finished-at="2023-05-03T18:45:35 IST" duration-ms="94977" status="PASS">
          <reporter-output>
          </reporter-output>
        </test-method> <!-- signUp -->
      </class> <!-- com.spicejet.tests.SignUpTest -->
    </test> <!-- Test -->
  </suite> <!-- Suite -->
</testng-results>
